[周六 2026/03/14  5:58:54.31] ================================================
[周六 2026/03/14  5:58:54.31]   科室质控平台 - 一键后台启动
[周六 2026/03/14  5:58:54.31] ================================================
[周六 2026/03/14  5:58:54.31].
[周六 2026/03/14  5:58:54.31] [1/2] 启动服务端...
================================================
  科室质控平台 - 后端服务启动
================================================

[2/4] 安装或更新后端依赖...
[4/4] 启动服务...
  本机访问: http://localhost:5000
  默认管理员: admin / admin123

================================================
  服务端将转入后台运行
================================================

[状态] 服务端后台启动成功。
服务端已在后台启动。
如需停止，请运行 退出运行.bat
日志文件：D:\我开发的项目\科室业务平台V3\.runtime\logs\server_start_20260314_055856.log
服务日志：D:\我开发的项目\科室业务平台V3\.runtime\logs\server_stdout_20260314_055856.log
错误日志：D:\我开发的项目\科室业务平台V3\.runtime\logs\server_stderr_20260314_055856.log
The process cannot access the file because it is being used by another process.
