[周六 2026/03/14 14:14:43.69] ================================================
[周六 2026/03/14 14:14:43.69]   科室质控平台 - 一键后台启动
[周六 2026/03/14 14:14:43.69] ================================================
[周六 2026/03/14 14:14:43.69].
[周六 2026/03/14 14:14:43.69] [1/2] 启动服务端...
================================================
  科室质控平台 - 后端服务启动
================================================

[状态] 服务端后台进程已存在。
服务端已在后台运行，无需重复启动。
[周六 2026/03/14 14:14:48.17].
[周六 2026/03/14 14:14:48.17] [2/2] 启动客户端...
================================================
  科室质控平台 - 桌面客户端启动
================================================

[1/2] 检查客户端依赖...
[2/2] 启动客户端...
[状态] 客户端后台启动成功。
客户端已在后台启动。
如需停止，请运行 退出运行.bat
日志文件：D:\我开发的项目\科室业务平台V3\.runtime\logs\client_start_20260314_141452.log
[周六 2026/03/14 14:14:59.20].
[周六 2026/03/14 14:14:59.20] 全部组件已处理完成。
[周六 2026/03/14 14:14:59.20] 如需停止，请运行 退出运行.bat
[周六 2026/03/14 14:14:59.20] 日志文件：D:\我开发的项目\科室业务平台V3\.runtime\logs\start_all_20260314_141443.log
