[周六 2026/03/14  5:59:30.61] ================================================
[周六 2026/03/14  5:59:30.61]   科室质控平台 - 一键后台启动
[周六 2026/03/14  5:59:30.61] ================================================
[周六 2026/03/14  5:59:30.61].
[周六 2026/03/14  5:59:30.62] [1/2] 启动服务端...
================================================
  科室质控平台 - 后端服务启动
================================================

[状态] 服务端后台进程已存在。
服务端已在后台运行，无需重复启动。
[周六 2026/03/14  5:59:35.18].
[周六 2026/03/14  5:59:35.18] [2/2] 启动客户端...
================================================
  科室质控平台 - 桌面客户端启动
================================================

[1/2] 检查客户端依赖...
[2/2] 启动客户端...
[状态] 客户端后台启动成功。
客户端已在后台启动。
如需停止，请运行 退出运行.bat
日志文件：D:\我开发的项目\科室业务平台V3\.runtime\logs\client_start_20260314_055938.log
[周六 2026/03/14  5:59:45.13].
[周六 2026/03/14  5:59:45.13] 全部组件已处理完成。
[周六 2026/03/14  5:59:45.13] 如需停止，请运行 退出运行.bat
[周六 2026/03/14  5:59:45.13] 日志文件：D:\我开发的项目\科室业务平台V3\.runtime\logs\start_all_20260314_055930.log
