[周五 2026/03/13 12:55:18.71] ================================================
[周五 2026/03/13 12:55:18.71]   科室质控平台 - 一键后台启动
[周五 2026/03/13 12:55:18.71] ================================================
[周五 2026/03/13 12:55:18.71].
[周五 2026/03/13 12:55:18.71] [1/2] 启动服务端...
================================================
  科室质控平台 - 后端服务启动
================================================

[2/4] 安装或更新后端依赖...
[4/4] 启动服务...
  本机访问: http://localhost:5000
  默认管理员: admin / admin123

================================================
  服务端将转入后台运行
================================================

[状态] 服务端后台启动成功。
服务端已在后台启动。
如需停止，请运行 退出运行.bat
日志文件：D:\我开发的项目\科室业务平台V3\.runtime\logs\server_start_20260313_125519.log
[周五 2026/03/13 12:55:24.20].
[周五 2026/03/13 12:55:24.20] [2/2] 启动客户端...
================================================
  科室质控平台 - 桌面客户端启动
================================================

[1/2] 检查客户端依赖...
[2/2] 启动客户端...
[状态] 客户端后台启动成功。
客户端已在后台启动。
如需停止，请运行 退出运行.bat
日志文件：D:\我开发的项目\科室业务平台V3\.runtime\logs\client_start_20260313_125524.log
[周五 2026/03/13 12:55:28.21].
[周五 2026/03/13 12:55:28.21] 全部组件已处理完成。
[周五 2026/03/13 12:55:28.21] 如需停止，请运行 退出运行.bat
[周五 2026/03/13 12:55:28.21] 日志文件：D:\我开发的项目\科室业务平台V3\.runtime\logs\start_all_20260313_125518.log
