[周五 2026/03/13 13:58:31.78] ================================================
[周五 2026/03/13 13:58:31.78]   科室质控平台 - 一键后台启动
[周五 2026/03/13 13:58:31.78] ================================================
[周五 2026/03/13 13:58:31.78].
[周五 2026/03/13 13:58:31.78] [1/2] 启动服务端...
================================================
  科室质控平台 - 后端服务启动
================================================

[状态] 服务端后台进程已存在。
服务端已在后台运行，无需重复启动。
[周五 2026/03/13 13:58:34.13].
[周五 2026/03/13 13:58:34.13] [2/2] 启动客户端...
================================================
  科室质控平台 - 桌面客户端启动
================================================

[状态] 客户端后台进程已存在。
客户端已在后台运行，无需重复启动。
[周五 2026/03/13 13:58:38.21].
[周五 2026/03/13 13:58:38.21] 全部组件已处理完成。
[周五 2026/03/13 13:58:38.21] 如需停止，请运行 退出运行.bat
[周五 2026/03/13 13:58:38.21] 日志文件：D:\我开发的项目\科室业务平台V3\.runtime\logs\start_all_20260313_135831.log
